<?xml version="1.0" encoding="UTF-8"?>
<!-- Generated by org.testng.reporters.JUnitReportReporter -->
<testsuite hostname="VinayakaBShetty" failures="0" tests="1" name="tests.SimpleNavigationTC" time="20.665" errors="0" timestamp="2024-07-21T18:49:09 IST" skipped="0">
  <testcase classname="tests.SimpleNavigationTC" name="navToGoogle" time="20.665"/>
  <system-out/>
</testsuite> <!-- tests.SimpleNavigationTC -->
